{"message": "Watching for file changes with StatReloader", "timestamp": "2023-11-11T11:20:45.228171+00:00", "level": "INFO", "context": {"name": "django.utils.autoreload", "filename": "autoreload.py", "funcName": "run_with_reloader", "msecs": 227.0}}
{"message": "Watching for file changes with StatReloader", "timestamp": "2023-11-11T11:21:38.348445+00:00", "level": "INFO", "context": {"name": "django.utils.autoreload", "filename": "autoreload.py", "funcName": "run_with_reloader", "msecs": 348.0}}
{"message": "Watching for file changes with StatReloader", "timestamp": "2023-11-11T11:26:34.255886+00:00", "level": "INFO", "context": {"name": "django.utils.autoreload", "filename": "autoreload.py", "funcName": "run_with_reloader", "msecs": 255.0}}
{"message": "\ndef xmap(task, it):\n    return 1\n", "timestamp": "2023-11-11T11:27:42.467092+00:00", "level": "DEBUG", "context": {"name": "celery.utils.functional", "filename": "functional.py", "funcName": "head_from_fun", "msecs": 466.0}}
{"message": "\ndef registry_update_task(pk, app_label, model_name):\n    return 1\n", "timestamp": "2023-11-11T11:27:42.469373+00:00", "level": "DEBUG", "context": {"name": "celery.utils.functional", "filename": "functional.py", "funcName": "head_from_fun", "msecs": 469.0}}
{"message": "\ndef backend_cleanup():\n    return 1\n", "timestamp": "2023-11-11T11:27:42.470361+00:00", "level": "DEBUG", "context": {"name": "celery.utils.functional", "filename": "functional.py", "funcName": "head_from_fun", "msecs": 470.0}}
{"message": "\ndef group(self, tasks, result, group_id, partial_args, add_to_parent=0):\n    return 1\n", "timestamp": "2023-11-11T11:27:42.471644+00:00", "level": "DEBUG", "context": {"name": "celery.utils.functional", "filename": "functional.py", "funcName": "head_from_fun", "msecs": 471.0}}
{"message": "\ndef registry_update_related_task(pk, app_label, model_name):\n    return 1\n", "timestamp": "2023-11-11T11:27:42.472872+00:00", "level": "DEBUG", "context": {"name": "celery.utils.functional", "filename": "functional.py", "funcName": "head_from_fun", "msecs": 472.0}}
{"message": "\ndef xstarmap(task, it):\n    return 1\n", "timestamp": "2023-11-11T11:27:42.473989+00:00", "level": "DEBUG", "context": {"name": "celery.utils.functional", "filename": "functional.py", "funcName": "head_from_fun", "msecs": 473.0}}
{"message": "\ndef registry_delete_task(doc_label, data):\n    return 1\n", "timestamp": "2023-11-11T11:27:42.474931+00:00", "level": "DEBUG", "context": {"name": "celery.utils.functional", "filename": "functional.py", "funcName": "head_from_fun", "msecs": 474.0}}
{"message": "\ndef accumulate(self, *args, **kwargs):\n    return 1\n", "timestamp": "2023-11-11T11:27:42.475890+00:00", "level": "DEBUG", "context": {"name": "celery.utils.functional", "filename": "functional.py", "funcName": "head_from_fun", "msecs": 475.0}}
{"message": "\ndef chain(*args, **kwargs):\n    return 1\n", "timestamp": "2023-11-11T11:27:42.476734+00:00", "level": "DEBUG", "context": {"name": "celery.utils.functional", "filename": "functional.py", "funcName": "head_from_fun", "msecs": 476.0}}
{"message": "\ndef debug_task(self):\n    return 1\n", "timestamp": "2023-11-11T11:27:42.477428+00:00", "level": "DEBUG", "context": {"name": "celery.utils.functional", "filename": "functional.py", "funcName": "head_from_fun", "msecs": 477.0}}
{"message": "\ndef chunks(task, it, n):\n    return 1\n", "timestamp": "2023-11-11T11:27:42.478034+00:00", "level": "DEBUG", "context": {"name": "celery.utils.functional", "filename": "functional.py", "funcName": "head_from_fun", "msecs": 477.0}}
{"message": "\ndef unlock_chord(self, group_id, callback, interval=0, max_retries=1, result=2, Result=3, GroupResult=4, result_from_tuple=5, **kwargs):\n    return 1\n", "timestamp": "2023-11-11T11:27:42.478688+00:00", "level": "DEBUG", "context": {"name": "celery.utils.functional", "filename": "functional.py", "funcName": "head_from_fun", "msecs": 478.0}}
{"message": "\ndef chord(self, header, body, partial_args=0, interval=1, countdown=2, max_retries=3, eager=4, **kwargs):\n    return 1\n", "timestamp": "2023-11-11T11:27:42.479636+00:00", "level": "DEBUG", "context": {"name": "celery.utils.functional", "filename": "functional.py", "funcName": "head_from_fun", "msecs": 479.0}}
{"message": "\ndef short_task():\n    return 1\n", "timestamp": "2023-11-11T11:27:42.480627+00:00", "level": "DEBUG", "context": {"name": "celery.utils.functional", "filename": "functional.py", "funcName": "head_from_fun", "msecs": 480.0}}
{"message": "\ndef send_registration_email(first_name, account_expiry, user_email):\n    return 1\n", "timestamp": "2023-11-11T11:27:42.481346+00:00", "level": "DEBUG", "context": {"name": "celery.utils.functional", "filename": "functional.py", "funcName": "head_from_fun", "msecs": 481.0}}
{"message": "No hostname was supplied. Reverting to default 'localhost'", "timestamp": "2023-11-11T11:27:42.488168+00:00", "level": "WARNING", "context": {"name": "kombu.connection", "filename": "connection.py", "funcName": "_info", "msecs": 487.0}}
{"message": "\ndef xmap(task, it):\n    return 1\n", "timestamp": "2023-11-11T11:27:49.623991+00:00", "level": "DEBUG", "context": {"name": "celery.utils.functional", "filename": "functional.py", "funcName": "head_from_fun", "msecs": 623.0}}
{"message": "\ndef registry_update_task(pk, app_label, model_name):\n    return 1\n", "timestamp": "2023-11-11T11:27:49.624891+00:00", "level": "DEBUG", "context": {"name": "celery.utils.functional", "filename": "functional.py", "funcName": "head_from_fun", "msecs": 624.0}}
{"message": "\ndef backend_cleanup():\n    return 1\n", "timestamp": "2023-11-11T11:27:49.625224+00:00", "level": "DEBUG", "context": {"name": "celery.utils.functional", "filename": "functional.py", "funcName": "head_from_fun", "msecs": 625.0}}
{"message": "\ndef group(self, tasks, result, group_id, partial_args, add_to_parent=0):\n    return 1\n", "timestamp": "2023-11-11T11:27:49.625575+00:00", "level": "DEBUG", "context": {"name": "celery.utils.functional", "filename": "functional.py", "funcName": "head_from_fun", "msecs": 625.0}}
{"message": "\ndef registry_update_related_task(pk, app_label, model_name):\n    return 1\n", "timestamp": "2023-11-11T11:27:49.625912+00:00", "level": "DEBUG", "context": {"name": "celery.utils.functional", "filename": "functional.py", "funcName": "head_from_fun", "msecs": 625.0}}
{"message": "\ndef xstarmap(task, it):\n    return 1\n", "timestamp": "2023-11-11T11:27:49.626229+00:00", "level": "DEBUG", "context": {"name": "celery.utils.functional", "filename": "functional.py", "funcName": "head_from_fun", "msecs": 626.0}}
{"message": "\ndef registry_delete_task(doc_label, data):\n    return 1\n", "timestamp": "2023-11-11T11:27:49.626523+00:00", "level": "DEBUG", "context": {"name": "celery.utils.functional", "filename": "functional.py", "funcName": "head_from_fun", "msecs": 626.0}}
{"message": "\ndef accumulate(self, *args, **kwargs):\n    return 1\n", "timestamp": "2023-11-11T11:27:49.626854+00:00", "level": "DEBUG", "context": {"name": "celery.utils.functional", "filename": "functional.py", "funcName": "head_from_fun", "msecs": 626.0}}
{"message": "\ndef chain(*args, **kwargs):\n    return 1\n", "timestamp": "2023-11-11T11:27:49.627148+00:00", "level": "DEBUG", "context": {"name": "celery.utils.functional", "filename": "functional.py", "funcName": "head_from_fun", "msecs": 627.0}}
{"message": "\ndef debug_task(self):\n    return 1\n", "timestamp": "2023-11-11T11:27:49.627439+00:00", "level": "DEBUG", "context": {"name": "celery.utils.functional", "filename": "functional.py", "funcName": "head_from_fun", "msecs": 627.0}}
{"message": "\ndef chunks(task, it, n):\n    return 1\n", "timestamp": "2023-11-11T11:27:49.627722+00:00", "level": "DEBUG", "context": {"name": "celery.utils.functional", "filename": "functional.py", "funcName": "head_from_fun", "msecs": 627.0}}
{"message": "\ndef unlock_chord(self, group_id, callback, interval=0, max_retries=1, result=2, Result=3, GroupResult=4, result_from_tuple=5, **kwargs):\n    return 1\n", "timestamp": "2023-11-11T11:27:49.628067+00:00", "level": "DEBUG", "context": {"name": "celery.utils.functional", "filename": "functional.py", "funcName": "head_from_fun", "msecs": 627.0}}
{"message": "\ndef chord(self, header, body, partial_args=0, interval=1, countdown=2, max_retries=3, eager=4, **kwargs):\n    return 1\n", "timestamp": "2023-11-11T11:27:49.628425+00:00", "level": "DEBUG", "context": {"name": "celery.utils.functional", "filename": "functional.py", "funcName": "head_from_fun", "msecs": 628.0}}
{"message": "\ndef short_task():\n    return 1\n", "timestamp": "2023-11-11T11:27:49.628715+00:00", "level": "DEBUG", "context": {"name": "celery.utils.functional", "filename": "functional.py", "funcName": "head_from_fun", "msecs": 628.0}}
{"message": "\ndef send_registration_email(first_name, account_expiry, user_email):\n    return 1\n", "timestamp": "2023-11-11T11:27:49.628990+00:00", "level": "DEBUG", "context": {"name": "celery.utils.functional", "filename": "functional.py", "funcName": "head_from_fun", "msecs": 628.0}}
{"message": "No hostname was supplied. Reverting to default 'localhost'", "timestamp": "2023-11-11T11:27:49.631754+00:00", "level": "WARNING", "context": {"name": "kombu.connection", "filename": "connection.py", "funcName": "_info", "msecs": 631.0}}
{"message": "Watching for file changes with StatReloader", "timestamp": "2023-11-11T11:27:50.133342+00:00", "level": "INFO", "context": {"name": "django.utils.autoreload", "filename": "autoreload.py", "funcName": "run_with_reloader", "msecs": 133.0}}
{"message": "Watching for file changes with StatReloader", "timestamp": "2023-11-11T11:29:42.113074+00:00", "level": "INFO", "context": {"name": "django.utils.autoreload", "filename": "autoreload.py", "funcName": "run_with_reloader", "msecs": 112.0}}
{}
{}
{}
{"message": "/usr/src/app/django_app/settings.py changed, reloading.", "timestamp": "2023-11-11T11:31:37.539415+00:00", "level": "INFO", "context": {"name": "django.utils.autoreload", "filename": "autoreload.py", "funcName": "trigger_reload", "msecs": 538.0}}
{"message": "Watching for file changes with StatReloader", "timestamp": "2023-11-11T11:31:38.360397+00:00", "level": "INFO", "context": {"name": "django.utils.autoreload", "filename": "autoreload.py", "funcName": "run_with_reloader", "msecs": 360.0}}
{"message": "/usr/src/app/django_app/settings.py changed, reloading.", "timestamp": "2023-11-11T11:31:40.571512+00:00", "level": "INFO", "context": {"name": "django.utils.autoreload", "filename": "autoreload.py", "funcName": "trigger_reload", "msecs": 570.0}}
{"message": "Watching for file changes with StatReloader", "timestamp": "2023-11-11T11:31:41.385924+00:00", "level": "INFO", "context": {"name": "django.utils.autoreload", "filename": "autoreload.py", "funcName": "run_with_reloader", "msecs": 385.0}}
{}
{}
{"message": "/usr/src/app/apps/core/users/views.py changed, reloading.", "timestamp": "2023-11-11T11:32:06.563084+00:00", "level": "INFO", "context": {"name": "django.utils.autoreload", "filename": "autoreload.py", "funcName": "trigger_reload", "msecs": 561.0}}
{"message": "Watching for file changes with StatReloader", "timestamp": "2023-11-11T11:32:07.398356+00:00", "level": "INFO", "context": {"name": "django.utils.autoreload", "filename": "autoreload.py", "funcName": "run_with_reloader", "msecs": 398.0}}
{"message": "/usr/src/app/apps/core/users/views.py changed, reloading.", "timestamp": "2023-11-11T11:32:14.820428+00:00", "level": "INFO", "context": {"name": "django.utils.autoreload", "filename": "autoreload.py", "funcName": "trigger_reload", "msecs": 819.0}}
{"message": "Watching for file changes with StatReloader", "timestamp": "2023-11-11T11:32:15.642364+00:00", "level": "INFO", "context": {"name": "django.utils.autoreload", "filename": "autoreload.py", "funcName": "run_with_reloader", "msecs": 642.0}}
{"message": "/usr/src/app/apps/core/users/views.py changed, reloading.", "timestamp": "2023-11-11T11:32:19.831978+00:00", "level": "INFO", "context": {"name": "django.utils.autoreload", "filename": "autoreload.py", "funcName": "trigger_reload", "msecs": 830.0}}
{"message": "Watching for file changes with StatReloader", "timestamp": "2023-11-11T11:32:20.642210+00:00", "level": "INFO", "context": {"name": "django.utils.autoreload", "filename": "autoreload.py", "funcName": "run_with_reloader", "msecs": 642.0}}
{"message": "/usr/src/app/apps/core/users/views.py changed, reloading.", "timestamp": "2023-11-11T11:32:25.936601+00:00", "level": "INFO", "context": {"name": "django.utils.autoreload", "filename": "autoreload.py", "funcName": "trigger_reload", "msecs": 935.0}}
{"message": "Watching for file changes with StatReloader", "timestamp": "2023-11-11T11:32:26.741251+00:00", "level": "INFO", "context": {"name": "django.utils.autoreload", "filename": "autoreload.py", "funcName": "run_with_reloader", "msecs": 741.0}}
{"message": "/usr/src/app/apps/core/users/views.py changed, reloading.", "timestamp": "2023-11-11T11:32:27.890329+00:00", "level": "INFO", "context": {"name": "django.utils.autoreload", "filename": "autoreload.py", "funcName": "trigger_reload", "msecs": 890.0}}
{"message": "Watching for file changes with StatReloader", "timestamp": "2023-11-11T11:32:28.670816+00:00", "level": "INFO", "context": {"name": "django.utils.autoreload", "filename": "autoreload.py", "funcName": "run_with_reloader", "msecs": 670.0}}
{"message": "/usr/src/app/django_app/urls.py changed, reloading.", "timestamp": "2023-11-11T11:32:54.781716+00:00", "level": "INFO", "context": {"name": "django.utils.autoreload", "filename": "autoreload.py", "funcName": "trigger_reload", "msecs": 780.0}}
{"message": "Watching for file changes with StatReloader", "timestamp": "2023-11-11T11:32:55.601600+00:00", "level": "INFO", "context": {"name": "django.utils.autoreload", "filename": "autoreload.py", "funcName": "run_with_reloader", "msecs": 601.0}}
{"message": "/usr/src/app/django_app/urls.py changed, reloading.", "timestamp": "2023-11-11T11:33:06.114930+00:00", "level": "INFO", "context": {"name": "django.utils.autoreload", "filename": "autoreload.py", "funcName": "trigger_reload", "msecs": 113.0}}
{"message": "Watching for file changes with StatReloader", "timestamp": "2023-11-11T11:33:06.952412+00:00", "level": "INFO", "context": {"name": "django.utils.autoreload", "filename": "autoreload.py", "funcName": "run_with_reloader", "msecs": 952.0}}
{"message": "Watching for file changes with StatReloader", "timestamp": "2023-11-11T11:33:35.990545+00:00", "level": "INFO", "context": {"name": "django.utils.autoreload", "filename": "autoreload.py", "funcName": "run_with_reloader", "msecs": 990.0}}
{"message": "Watching for file changes with StatReloader", "timestamp": "2023-11-11T11:33:49.529964+00:00", "level": "INFO", "context": {"name": "django.utils.autoreload", "filename": "autoreload.py", "funcName": "run_with_reloader", "msecs": 529.0}}
{"message": "/usr/src/app/apps/core/users/urls.py changed, reloading.", "timestamp": "2023-11-11T11:34:08.201078+00:00", "level": "INFO", "context": {"name": "django.utils.autoreload", "filename": "autoreload.py", "funcName": "trigger_reload", "msecs": 199.0}}
{"message": "Watching for file changes with StatReloader", "timestamp": "2023-11-11T11:34:09.014192+00:00", "level": "INFO", "context": {"name": "django.utils.autoreload", "filename": "autoreload.py", "funcName": "run_with_reloader", "msecs": 14.0}}
{"message": "/usr/src/app/apps/core/users/urls.py changed, reloading.", "timestamp": "2023-11-11T11:34:53.701873+00:00", "level": "INFO", "context": {"name": "django.utils.autoreload", "filename": "autoreload.py", "funcName": "trigger_reload", "msecs": 701.0}}
{"message": "Watching for file changes with StatReloader", "timestamp": "2023-11-11T11:34:54.520584+00:00", "level": "INFO", "context": {"name": "django.utils.autoreload", "filename": "autoreload.py", "funcName": "run_with_reloader", "msecs": 520.0}}
{"message": "/usr/src/app/apps/core/users/urls.py changed, reloading.", "timestamp": "2023-11-11T11:34:56.686854+00:00", "level": "INFO", "context": {"name": "django.utils.autoreload", "filename": "autoreload.py", "funcName": "trigger_reload", "msecs": 685.0}}
{"message": "Watching for file changes with StatReloader", "timestamp": "2023-11-11T11:34:57.505050+00:00", "level": "INFO", "context": {"name": "django.utils.autoreload", "filename": "autoreload.py", "funcName": "run_with_reloader", "msecs": 504.0}}
{"message": "/usr/src/app/apps/core/users/urls.py changed, reloading.", "timestamp": "2023-11-11T11:35:03.863946+00:00", "level": "INFO", "context": {"name": "django.utils.autoreload", "filename": "autoreload.py", "funcName": "trigger_reload", "msecs": 862.0}}
{"message": "Watching for file changes with StatReloader", "timestamp": "2023-11-11T11:35:04.671749+00:00", "level": "INFO", "context": {"name": "django.utils.autoreload", "filename": "autoreload.py", "funcName": "run_with_reloader", "msecs": 671.0}}
{}
